<?xml version="1.0" encoding="UTF-8"?>
<!-- Generated by org.testng.reporters.JUnitReportReporter -->
<testsuite hostname="APH10179" failures="0" tests="1" name="com.bmwmodels.scripts.TC001" time="34.219" errors="0" timestamp="2022-11-02T15:56:23 IST" skipped="0">
  <testcase classname="com.bmwmodels.scripts.TC001" name="hello" time="34.219"/>
  <system-out/>
</testsuite> <!-- com.bmwmodels.scripts.TC001 -->
